2023-04-18 18:23:19.782 [error] Extension 'ms-python.python' wants API proposal 'telemetryLogger' but that proposal DOES NOT EXIST. Likely, the proposal has been finalized (check 'vscode.d.ts') or was abandoned.
2023-04-18 18:23:19.782 [error] Extension 'ms-python.python CANNOT USE these API proposals 'quickPickSortByLabel, testObserver'. You MUST start in extension development mode or use the --enable-proposed-api command line flag
2023-04-18 18:23:19.786 [info] Ignoring configured affinity for 'asvetliakov.vscode-neovim' because the extension is unknown or cannot execute for extension host kind: LocalProcess.
2023-04-18 18:23:19.786 [info] Ignoring configured affinity for 'asvetliakov.vscode-neovim' because the extension is unknown or cannot execute for extension host kind: LocalWebWorker.
2023-04-18 18:23:19.796 [info] Ignoring configured affinity for 'asvetliakov.vscode-neovim' because the extension is unknown or cannot execute for extension host kind: LocalProcess.
2023-04-18 18:23:19.796 [info] Ignoring configured affinity for 'asvetliakov.vscode-neovim' because the extension is unknown or cannot execute for extension host kind: LocalWebWorker.
2023-04-18 18:23:22.645 [info] [perf] Render performance baseline is 35ms
2023-04-18 18:24:20.854 [error] Error: The editor could not be opened because the file was not found.
    at f.bc (vscode-file://vscode-app/usr/lib/code-oss/resources/app/out/vs/workbench/workbench.desktop.main.js:2318:93056)
    at async f.setInput (vscode-file://vscode-app/usr/lib/code-oss/resources/app/out/vs/workbench/workbench.desktop.main.js:2318:92042)
    at async u.M (vscode-file://vscode-app/usr/lib/code-oss/resources/app/out/vs/workbench/workbench.desktop.main.js:2316:23211)
    at async u.D (vscode-file://vscode-app/usr/lib/code-oss/resources/app/out/vs/workbench/workbench.desktop.main.js:2316:21806)
    at async u.openEditor (vscode-file://vscode-app/usr/lib/code-oss/resources/app/out/vs/workbench/workbench.desktop.main.js:2316:20709)
    at async vscode-file://vscode-app/usr/lib/code-oss/resources/app/out/vs/workbench/workbench.desktop.main.js:2503:13497
    at async Se.run (vscode-file://vscode-app/usr/lib/code-oss/resources/app/out/vs/workbench/workbench.desktop.main.js:2318:59851)
2023-04-18 18:24:27.085 [error] Error: The editor could not be opened because the file was not found.
    at f.bc (vscode-file://vscode-app/usr/lib/code-oss/resources/app/out/vs/workbench/workbench.desktop.main.js:2318:93056)
    at async f.setInput (vscode-file://vscode-app/usr/lib/code-oss/resources/app/out/vs/workbench/workbench.desktop.main.js:2318:92042)
    at async u.M (vscode-file://vscode-app/usr/lib/code-oss/resources/app/out/vs/workbench/workbench.desktop.main.js:2316:23211)
    at async u.D (vscode-file://vscode-app/usr/lib/code-oss/resources/app/out/vs/workbench/workbench.desktop.main.js:2316:21806)
    at async u.openEditor (vscode-file://vscode-app/usr/lib/code-oss/resources/app/out/vs/workbench/workbench.desktop.main.js:2316:20709)
    at async vscode-file://vscode-app/usr/lib/code-oss/resources/app/out/vs/workbench/workbench.desktop.main.js:2503:13497
    at async Se.run (vscode-file://vscode-app/usr/lib/code-oss/resources/app/out/vs/workbench/workbench.desktop.main.js:2318:59851)
