2022-12-02 18:15:54.230 [info] Validating found git in: git
2022-12-02 18:15:54.230 [info] Using git 2.38.1 from git
2022-12-02 18:15:54.230 [info] > git rev-parse --show-toplevel [6ms]
2022-12-02 18:15:54.230 [info] fatal: not a git repository (or any parent up to mount point /)
Stopping at filesystem boundary (GIT_DISCOVERY_ACROSS_FILESYSTEM not set).
2022-12-02 18:15:54.230 [info] > git rev-parse --show-toplevel [0ms]
2022-12-02 18:15:54.230 [info] fatal: not a git repository (or any parent up to mount point /)
Stopping at filesystem boundary (GIT_DISCOVERY_ACROSS_FILESYSTEM not set).
2022-12-02 18:15:54.230 [info] > git rev-parse --show-toplevel [1ms]
2022-12-02 18:15:54.230 [info] fatal: not a git repository (or any parent up to mount point /)
Stopping at filesystem boundary (GIT_DISCOVERY_ACROSS_FILESYSTEM not set).
2022-12-02 18:15:54.230 [info] > git rev-parse --show-toplevel [1ms]
2022-12-02 18:15:54.230 [info] fatal: not a git repository (or any parent up to mount point /)
Stopping at filesystem boundary (GIT_DISCOVERY_ACROSS_FILESYSTEM not set).
2022-12-02 18:15:54.241 [info] > git rev-parse --show-toplevel [11ms]
2022-12-02 18:15:54.241 [info] fatal: not a git repository (or any parent up to mount point /)
Stopping at filesystem boundary (GIT_DISCOVERY_ACROSS_FILESYSTEM not set).
2022-12-02 18:15:55.912 [info] > git rev-parse --show-toplevel [1ms]
2022-12-02 18:15:55.912 [info] fatal: not a git repository (or any parent up to mount point /)
Stopping at filesystem boundary (GIT_DISCOVERY_ACROSS_FILESYSTEM not set).
