2022-12-02 18:25:12.706 [info] Validating found git in: git
2022-12-02 18:25:12.706 [info] Using git 2.38.1 from git
2022-12-02 18:25:12.708 [info] > git rev-parse --show-toplevel [3ms]
2022-12-02 18:25:12.708 [info] fatal: not a git repository (or any parent up to mount point /)
Stopping at filesystem boundary (GIT_DISCOVERY_ACROSS_FILESYSTEM not set).
2022-12-02 18:25:12.743 [info] > git rev-parse --show-toplevel [32ms]
2022-12-02 18:25:12.743 [info] fatal: not a git repository (or any parent up to mount point /)
Stopping at filesystem boundary (GIT_DISCOVERY_ACROSS_FILESYSTEM not set).
2022-12-02 18:25:12.756 [info] > git rev-parse --show-toplevel [10ms]
2022-12-02 18:25:12.756 [info] fatal: not a git repository (or any parent up to mount point /)
Stopping at filesystem boundary (GIT_DISCOVERY_ACROSS_FILESYSTEM not set).
2022-12-02 18:25:12.759 [info] > git rev-parse --show-toplevel [0ms]
2022-12-02 18:25:12.759 [info] fatal: not a git repository (or any parent up to mount point /)
Stopping at filesystem boundary (GIT_DISCOVERY_ACROSS_FILESYSTEM not set).
2022-12-02 18:25:14.466 [info] > git rev-parse --show-toplevel [1ms]
2022-12-02 18:25:14.466 [info] fatal: not a git repository (or any parent up to mount point /)
Stopping at filesystem boundary (GIT_DISCOVERY_ACROSS_FILESYSTEM not set).
2022-12-02 18:25:17.696 [info] > git rev-parse --show-toplevel [3ms]
2022-12-02 18:25:17.696 [info] fatal: not a git repository (or any parent up to mount point /)
Stopping at filesystem boundary (GIT_DISCOVERY_ACROSS_FILESYSTEM not set).
2022-12-02 18:25:22.793 [info] > git rev-parse --show-toplevel [2ms]
2022-12-02 18:25:22.793 [info] fatal: not a git repository (or any parent up to mount point /)
Stopping at filesystem boundary (GIT_DISCOVERY_ACROSS_FILESYSTEM not set).
