2022-12-02 17:46:47.209 [info] Extension host with pid 31734 started
2022-12-02 17:46:47.209 [info] Skipping acquiring lock for /home/cole/.config/Code - OSS/User/workspaceStorage/e77e2c6265cb790ae9a1e2a4268db96f.
2022-12-02 17:46:47.333 [info] ExtensionService#_doActivateExtension vscode.git-base, startup: true, activationEvent: '*', root cause: vscode.git
2022-12-02 17:46:47.334 [info] ExtensionService#_doActivateExtension rafamel.subtle-brackets, startup: true, activationEvent: '*'
2022-12-02 17:46:47.334 [info] ExtensionService#_doActivateExtension SirTori.indenticator, startup: true, activationEvent: '*'
2022-12-02 17:46:47.334 [info] ExtensionService#_doActivateExtension vscodevim.vim, startup: true, activationEvent: '*'
2022-12-02 17:46:47.476 [info] ExtensionService#_doActivateExtension vscode.git, startup: true, activationEvent: '*'
2022-12-02 17:46:47.476 [info] ExtensionService#_doActivateExtension vscode.github, startup: true, activationEvent: '*'
2022-12-02 17:46:47.580 [info] ExtensionService#_doActivateExtension vscode.configuration-editing, startup: false, activationEvent: 'onLanguage:jsonc'
2022-12-02 17:46:47.580 [info] ExtensionService#_doActivateExtension vscode.json-language-features, startup: false, activationEvent: 'onLanguage:jsonc'
2022-12-02 17:46:47.580 [info] ExtensionService#_doActivateExtension vscode.typescript-language-features, startup: false, activationEvent: 'onLanguage:jsonc'
2022-12-02 17:46:47.704 [info] Eager extensions activated
2022-12-02 17:46:47.730 [info] ExtensionService#_doActivateExtension vscode.debug-auto-launch, startup: false, activationEvent: 'onStartupFinished'
2022-12-02 17:46:47.730 [info] ExtensionService#_doActivateExtension vscode.emmet, startup: false, activationEvent: 'onStartupFinished'
2022-12-02 17:46:47.730 [info] ExtensionService#_doActivateExtension vscode.merge-conflict, startup: false, activationEvent: 'onStartupFinished'
2022-12-02 17:53:42.164 [info] Extension host terminating: received terminate message from renderer
2022-12-02 17:53:42.170 [error] An error occurred when deactivating the extension 'rafamel.subtle-brackets':
2022-12-02 17:53:42.175 [error] TypeError: Cannot read properties of undefined (reading 'subscriptions')
    at Object.deactivate (/home/cole/.vscode-oss/extensions/rafamel.subtle-brackets-3.0.0/out/extension.js:42:13)
    at h._deactivate (/usr/lib/code-oss/resources/app/out/vs/workbench/api/node/extensionHostProcess.js:104:13260)
    at /usr/lib/code-oss/resources/app/out/vs/workbench/api/node/extensionHostProcess.js:104:10637
    at Array.map (<anonymous>)
    at h._deactivateAll (/usr/lib/code-oss/resources/app/out/vs/workbench/api/node/extensionHostProcess.js:104:10624)
    at h.terminate (/usr/lib/code-oss/resources/app/out/vs/workbench/api/node/extensionHostProcess.js:104:11010)
    at f.terminate (/usr/lib/code-oss/resources/app/out/vs/workbench/api/node/extensionHostProcess.js:108:1565)
    at b (/usr/lib/code-oss/resources/app/out/vs/workbench/api/node/extensionHostProcess.js:118:19113)
    at /usr/lib/code-oss/resources/app/out/vs/workbench/api/node/extensionHostProcess.js:118:17041
    at h.invoke (/usr/lib/code-oss/resources/app/out/vs/workbench/api/node/extensionHostProcess.js:61:145)
    at v.deliver (/usr/lib/code-oss/resources/app/out/vs/workbench/api/node/extensionHostProcess.js:61:2266)
    at g.fire (/usr/lib/code-oss/resources/app/out/vs/workbench/api/node/extensionHostProcess.js:61:1844)
    at r.fire (/usr/lib/code-oss/resources/app/out/vs/workbench/api/node/extensionHostProcess.js:70:16515)
    at o._receiveMessage (/usr/lib/code-oss/resources/app/out/vs/workbench/api/node/extensionHostProcess.js:70:21327)
    at /usr/lib/code-oss/resources/app/out/vs/workbench/api/node/extensionHostProcess.js:70:18770
    at h.invoke (/usr/lib/code-oss/resources/app/out/vs/workbench/api/node/extensionHostProcess.js:61:145)
    at v.deliver (/usr/lib/code-oss/resources/app/out/vs/workbench/api/node/extensionHostProcess.js:61:2266)
    at g.fire (/usr/lib/code-oss/resources/app/out/vs/workbench/api/node/extensionHostProcess.js:61:1844)
    at g.acceptChunk (/usr/lib/code-oss/resources/app/out/vs/workbench/api/node/extensionHostProcess.js:70:13346)
    at /usr/lib/code-oss/resources/app/out/vs/workbench/api/node/extensionHostProcess.js:70:12476
    at Socket.i (/usr/lib/code-oss/resources/app/out/vs/workbench/api/node/extensionHostProcess.js:70:24594)
    at Socket.emit (node:events:526:28)
    at addChunk (node:internal/streams/readable:315:12)
    at readableAddChunk (node:internal/streams/readable:289:9)
    at Socket.Readable.push (node:internal/streams/readable:228:10)
    at Pipe.onStreamRead (node:internal/stream_base_commons:190:23)
2022-12-02 17:53:42.395 [error] TypeError: r.some is not a function
    at Function.saveToDisk (/home/cole/.vscode-oss/extensions/vscodevim.vim-1.24.3/src/register/register.ts:326:30)
    at Object.e.deactivate (/home/cole/.vscode-oss/extensions/vscodevim.vim-1.24.3/extension.ts:65:18)
    at h._deactivate (/usr/lib/code-oss/resources/app/out/vs/workbench/api/node/extensionHostProcess.js:104:13260)
    at /usr/lib/code-oss/resources/app/out/vs/workbench/api/node/extensionHostProcess.js:104:10637
    at Array.map (<anonymous>)
    at h._deactivateAll (/usr/lib/code-oss/resources/app/out/vs/workbench/api/node/extensionHostProcess.js:104:10624)
    at h.terminate (/usr/lib/code-oss/resources/app/out/vs/workbench/api/node/extensionHostProcess.js:104:11010)
    at f.terminate (/usr/lib/code-oss/resources/app/out/vs/workbench/api/node/extensionHostProcess.js:108:1565)
    at b (/usr/lib/code-oss/resources/app/out/vs/workbench/api/node/extensionHostProcess.js:118:19113)
    at /usr/lib/code-oss/resources/app/out/vs/workbench/api/node/extensionHostProcess.js:118:17041
    at h.invoke (/usr/lib/code-oss/resources/app/out/vs/workbench/api/node/extensionHostProcess.js:61:145)
    at v.deliver (/usr/lib/code-oss/resources/app/out/vs/workbench/api/node/extensionHostProcess.js:61:2266)
    at g.fire (/usr/lib/code-oss/resources/app/out/vs/workbench/api/node/extensionHostProcess.js:61:1844)
    at r.fire (/usr/lib/code-oss/resources/app/out/vs/workbench/api/node/extensionHostProcess.js:70:16515)
    at o._receiveMessage (/usr/lib/code-oss/resources/app/out/vs/workbench/api/node/extensionHostProcess.js:70:21327)
    at /usr/lib/code-oss/resources/app/out/vs/workbench/api/node/extensionHostProcess.js:70:18770
    at h.invoke (/usr/lib/code-oss/resources/app/out/vs/workbench/api/node/extensionHostProcess.js:61:145)
    at v.deliver (/usr/lib/code-oss/resources/app/out/vs/workbench/api/node/extensionHostProcess.js:61:2266)
    at g.fire (/usr/lib/code-oss/resources/app/out/vs/workbench/api/node/extensionHostProcess.js:61:1844)
    at g.acceptChunk (/usr/lib/code-oss/resources/app/out/vs/workbench/api/node/extensionHostProcess.js:70:13346)
    at /usr/lib/code-oss/resources/app/out/vs/workbench/api/node/extensionHostProcess.js:70:12476
    at Socket.i (/usr/lib/code-oss/resources/app/out/vs/workbench/api/node/extensionHostProcess.js:70:24594)
    at Socket.emit (node:events:526:28)
    at addChunk (node:internal/streams/readable:315:12)
    at readableAddChunk (node:internal/streams/readable:289:9)
    at Socket.Readable.push (node:internal/streams/readable:228:10)
    at Pipe.onStreamRead (node:internal/stream_base_commons:190:23)
2022-12-02 17:53:42.398 [info] Extension host with pid 31734 exiting with code 0
